<?xml version="1.0" encoding="UTF-8"?>
<testsuite name="Yo como usuario quiero realizar una busqueda con los filtros que yo requiero para realizar la compra" tests="1" skipped="0" failures="0" errors="0" timestamp="2023-06-13T16:39:07" hostname="LAPTOP-ADED8DBU" time="26.701">
  <properties/>
  <testcase name="validacion de los filtros de busqueda del portal metrocuadrado" classname="Yo como usuario quiero realizar una busqueda con los filtros que yo requiero para realizar la compra" time="26.701"/>
  <system-out><![CDATA[El precio es:381286000
]]></system-out>
  <system-err><![CDATA[[Test worker] INFO io.cucumber.core.plugin.SerenityReporter - Running feature from file:///C:/Users/luill/Desktop/Carpetas/El%20Tiempo/Codigos%20de%20ejemplo/Segundo/src/test/resources/features/filtro_busqueda_metro.feature
[Test worker] INFO  - 
  _____   ___   ___   _____     ___   _____     _     ___   _____   ___   ___  
 |_   _| | __| / __| |_   _|   / __| |_   _|   /_\   | _ \ |_   _| | __| |   \ 
   | |   | _|  \__ \   | |     \__ \   | |    / _ \  |   /   | |   | _|  | |) |
   |_|   |___| |___/   |_|     |___/   |_|   /_/ \_\ |_|_\   |_|   |___| |___/ 

validacion de los filtros de busqueda del portal metrocuadrado(yo-como-usuario-quiero-realizar-una-busqueda-con-los-filtros-que-yo-requiero-para-realizar-la-compra;validacion-de-los-filtros-de-busqueda-del-portal-metrocuadrado)
--------------------------------------------------------------------------------
[Test worker] INFO net.serenitybdd.core.webdriver.driverproviders.ChromeDriverProvider - Using automatically driver download
[Test worker] INFO io.github.bonigarcia.wdm.WebDriverManager - Using chromedriver 114.0.5735.90 (resolved driver for Chrome 114)
[Test worker] INFO io.github.bonigarcia.wdm.WebDriverManager - Exporting webdriver.chrome.driver as C:\Users\luill\.cache\selenium\chromedriver\win32\114.0.5735.90\chromedriver.exe
[Test worker] INFO net.serenitybdd.core.webdriver.driverproviders.ProvideNewDriver - Instantiating driver
[Test worker] INFO net.serenitybdd.core.webdriver.driverproviders.ProvideNewDriver - Driver capabilities: Capabilities {acceptInsecureCerts: false, browserName: chrome, chrome.switches: --incognito, --start-maximi..., goog:chromeOptions: {args: [--incognito, --start-maximized, --enable-automation, --no-sandobox, --disable-gpu-sanbox], extensions: []}, loggingPrefs: org.openqa.selenium.logging...}
Starting ChromeDriver 114.0.5735.90 (386bc09e8f4f2e025eddae123f36f6263096ae49-refs/branch-heads/5735@{#1052}) on port 54292
Only local connections are allowed.
Please see https://chromedriver.chromium.org/security-considerations for suggestions on keeping ChromeDriver safe.
ChromeDriver was started successfully.
jun. 13, 2023 11:39:11 A. M. org.openqa.selenium.remote.ProtocolHandshake createSession
INFO: Detected dialect: W3C
[Test worker] INFO  - 
  _____   ___   ___   _____     ___     _     ___   ___   ___   ___  
 |_   _| | __| / __| |_   _|   | _ \   /_\   / __| / __| | __| |   \ 
   | |   | _|  \__ \   | |     |  _/  / _ \  \__ \ \__ \ | _|  | |) |
   |_|   |___| |___/   |_|     |_|   /_/ \_\ |___/ |___/ |___| |___/ 

validacion de los filtros de busqueda del portal metrocuadrado
----------------------------------------------------------------------
]]></system-err>
</testsuite>
